{"C:\\Users\\HP\\develop\\src\\app.js": {"path":"C:\\Users\\HP\\develop\\src\\app.js","statementMap":{"0":{"start":{"line":1,"column":16},"end":{"line":1,"column":34}},"1":{"start":{"line":2,"column":15},"end":{"line":2,"column":32}},"2":{"start":{"line":3,"column":18},"end":{"line":3,"column":47}},"3":{"start":{"line":4,"column":19},"end":{"line":4,"column":49}},"4":{"start":{"line":5,"column":19},"end":{"line":5,"column":49}},"5":{"start":{"line":6,"column":18},"end":{"line":6,"column":47}},"6":{"start":{"line":7,"column":20},"end":{"line":7,"column":41}},"7":{"start":{"line":8,"column":11},"end":{"line":8,"column":39}},"8":{"start":{"line":10,"column":12},"end":{"line":10,"column":21}},"9":{"start":{"line":13,"column":0},"end":{"line":18,"column":1}},"10":{"start":{"line":14,"column":2},"end":{"line":17,"column":5}},"11":{"start":{"line":15,"column":4},"end":{"line":15,"column":60}},"12":{"start":{"line":16,"column":4},"end":{"line":16,"column":20}},"13":{"start":{"line":20,"column":0},"end":{"line":20,"column":18}},"14":{"start":{"line":21,"column":0},"end":{"line":21,"column":24}},"15":{"start":{"line":23,"column":16},"end":{"line":27,"column":2}},"16":{"start":{"line":28,"column":0},"end":{"line":30,"column":1}},"17":{"start":{"line":29,"column":2},"end":{"line":29,"column":28}},"18":{"start":{"line":32,"column":0},"end":{"line":38,"column":4}},"19":{"start":{"line":39,"column":0},"end":{"line":39,"column":33}},"20":{"start":{"line":40,"column":0},"end":{"line":40,"column":34}},"21":{"start":{"line":42,"column":0},"end":{"line":45,"column":3}},"22":{"start":{"line":43,"column":2},"end":{"line":43,"column":27}},"23":{"start":{"line":44,"column":2},"end":{"line":44,"column":59}},"24":{"start":{"line":47,"column":0},"end":{"line":47,"column":21}}},"fnMap":{"0":{"name":"(anonymous_0)","decl":{"start":{"line":14,"column":29},"end":{"line":14,"column":30}},"loc":{"start":{"line":14,"column":36},"end":{"line":17,"column":3}},"line":14},"1":{"name":"(anonymous_1)","decl":{"start":{"line":42,"column":8},"end":{"line":42,"column":9}},"loc":{"start":{"line":42,"column":33},"end":{"line":45,"column":1}},"line":42}},"branchMap":{"0":{"loc":{"start":{"line":13,"column":0},"end":{"line":18,"column":1}},"type":"if","locations":[{"start":{"line":13,"column":0},"end":{"line":18,"column":1}},{"start":{},"end":{}}],"line":13},"1":{"loc":{"start":{"line":28,"column":0},"end":{"line":30,"column":1}},"type":"if","locations":[{"start":{"line":28,"column":0},"end":{"line":30,"column":1}},{"start":{},"end":{}}],"line":28}},"s":{"0":2,"1":2,"2":2,"3":2,"4":2,"5":2,"6":2,"7":2,"8":2,"9":2,"10":2,"11":0,"12":0,"13":2,"14":2,"15":2,"16":2,"17":0,"18":2,"19":2,"20":2,"21":2,"22":0,"23":0,"24":2},"f":{"0":0,"1":0},"b":{"0":[2,0],"1":[0,2]},"_coverageSchema":"1a1c01bbd47fc00a2c39e90264f33305004495a9","hash":"7cb24fc74b42d09644c941ab01b18c8f3cce16e9"}
,"C:\\Users\\HP\\develop\\src\\server.js": {"path":"C:\\Users\\HP\\develop\\src\\server.js","statementMap":{"0":{"start":{"line":1,"column":0},"end":{"line":1,"column":27}},"1":{"start":{"line":2,"column":12},"end":{"line":2,"column":28}},"2":{"start":{"line":3,"column":13},"end":{"line":3,"column":37}},"3":{"start":{"line":5,"column":0},"end":{"line":8,"column":3}},"4":{"start":{"line":6,"column":2},"end":{"line":6,"column":48}},"5":{"start":{"line":7,"column":2},"end":{"line":7,"column":61}}},"fnMap":{"0":{"name":"(anonymous_0)","decl":{"start":{"line":5,"column":17},"end":{"line":5,"column":18}},"loc":{"start":{"line":5,"column":23},"end":{"line":8,"column":1}},"line":5}},"branchMap":{"0":{"loc":{"start":{"line":3,"column":13},"end":{"line":3,"column":37}},"type":"binary-expr","locations":[{"start":{"line":3,"column":13},"end":{"line":3,"column":29}},{"start":{"line":3,"column":33},"end":{"line":3,"column":37}}],"line":3}},"s":{"0":0,"1":0,"2":0,"3":0,"4":0,"5":0},"f":{"0":0},"b":{"0":[0,0]}}
,"C:\\Users\\HP\\develop\\src\\config\\database.js": {"path":"C:\\Users\\HP\\develop\\src\\config\\database.js","statementMap":{"0":{"start":{"line":1,"column":13},"end":{"line":1,"column":28}},"1":{"start":{"line":2,"column":11},"end":{"line":2,"column":24}},"2":{"start":{"line":5,"column":17},"end":{"line":5,"column":48}},"3":{"start":{"line":9,"column":0},"end":{"line":71,"column":1}},"4":{"start":{"line":11,"column":16},"end":{"line":11,"column":41}},"5":{"start":{"line":14,"column":2},"end":{"line":22,"column":5}},"6":{"start":{"line":27,"column":2},"end":{"line":45,"column":4}},"7":{"start":{"line":28,"column":4},"end":{"line":44,"column":5}},"8":{"start":{"line":29,"column":6},"end":{"line":39,"column":9}},"9":{"start":{"line":40,"column":6},"end":{"line":40,"column":50}},"10":{"start":{"line":42,"column":6},"end":{"line":42,"column":60}},"11":{"start":{"line":43,"column":6},"end":{"line":43,"column":18}},"12":{"start":{"line":49,"column":18},"end":{"line":49,"column":46}},"13":{"start":{"line":51,"column":17},"end":{"line":53,"column":51}},"14":{"start":{"line":55,"column":2},"end":{"line":55,"column":36}},"15":{"start":{"line":58,"column":2},"end":{"line":70,"column":5}},"16":{"start":{"line":59,"column":4},"end":{"line":69,"column":7}},"17":{"start":{"line":73,"column":0},"end":{"line":73,"column":20}}},"fnMap":{"0":{"name":"(anonymous_0)","decl":{"start":{"line":27,"column":23},"end":{"line":27,"column":24}},"loc":{"start":{"line":27,"column":35},"end":{"line":45,"column":3}},"line":27},"1":{"name":"(anonymous_1)","decl":{"start":{"line":58,"column":15},"end":{"line":58,"column":16}},"loc":{"start":{"line":58,"column":21},"end":{"line":70,"column":3}},"line":58}},"branchMap":{"0":{"loc":{"start":{"line":9,"column":0},"end":{"line":71,"column":1}},"type":"if","locations":[{"start":{"line":9,"column":0},"end":{"line":71,"column":1}},{"start":{"line":47,"column":7},"end":{"line":71,"column":1}}],"line":9},"1":{"loc":{"start":{"line":15,"column":10},"end":{"line":15,"column":44}},"type":"binary-expr","locations":[{"start":{"line":15,"column":10},"end":{"line":15,"column":29}},{"start":{"line":15,"column":33},"end":{"line":15,"column":44}}],"line":15},"2":{"loc":{"start":{"line":16,"column":10},"end":{"line":16,"column":39}},"type":"binary-expr","locations":[{"start":{"line":16,"column":10},"end":{"line":16,"column":29}},{"start":{"line":16,"column":33},"end":{"line":16,"column":39}}],"line":16},"3":{"loc":{"start":{"line":17,"column":14},"end":{"line":17,"column":43}},"type":"binary-expr","locations":[{"start":{"line":17,"column":14},"end":{"line":17,"column":37}},{"start":{"line":17,"column":41},"end":{"line":17,"column":43}}],"line":17},"4":{"loc":{"start":{"line":18,"column":14},"end":{"line":18,"column":52}},"type":"binary-expr","locations":[{"start":{"line":18,"column":14},"end":{"line":18,"column":33}},{"start":{"line":18,"column":37},"end":{"line":18,"column":52}}],"line":18},"5":{"loc":{"start":{"line":51,"column":17},"end":{"line":53,"column":51}},"type":"cond-expr","locations":[{"start":{"line":52,"column":6},"end":{"line":52,"column":16}},{"start":{"line":53,"column":6},"end":{"line":53,"column":51}}],"line":51}},"s":{"0":5,"1":5,"2":5,"3":5,"4":5,"5":5,"6":5,"7":2,"8":2,"9":2,"10":0,"11":0,"12":0,"13":0,"14":0,"15":0,"16":0,"17":5},"f":{"0":2,"1":0},"b":{"0":[5,0],"1":[5,0],"2":[5,0],"3":[5,5],"4":[5,0],"5":[0,0]},"_coverageSchema":"1a1c01bbd47fc00a2c39e90264f33305004495a9","hash":"d315a90ebfbc2a8062e2ddd39bb4d43ccae39768"}
,"C:\\Users\\HP\\develop\\src\\controllers\\authController.js": {"path":"C:\\Users\\HP\\develop\\src\\controllers\\authController.js","statementMap":{"0":{"start":{"line":1,"column":13},"end":{"line":1,"column":38}},"1":{"start":{"line":2,"column":15},"end":{"line":2,"column":32}},"2":{"start":{"line":3,"column":12},"end":{"line":3,"column":35}},"3":{"start":{"line":5,"column":0},"end":{"line":22,"column":2}},"4":{"start":{"line":6,"column":2},"end":{"line":21,"column":3}},"5":{"start":{"line":7,"column":52},"end":{"line":7,"column":60}},"6":{"start":{"line":8,"column":25},"end":{"line":8,"column":54}},"7":{"start":{"line":9,"column":4},"end":{"line":11,"column":5}},"8":{"start":{"line":10,"column":6},"end":{"line":10,"column":73}},"9":{"start":{"line":12,"column":29},"end":{"line":12,"column":64}},"10":{"start":{"line":13,"column":4},"end":{"line":15,"column":5}},"11":{"start":{"line":14,"column":6},"end":{"line":14,"column":63}},"12":{"start":{"line":16,"column":17},"end":{"line":16,"column":75}},"13":{"start":{"line":17,"column":4},"end":{"line":17,"column":76}},"14":{"start":{"line":19,"column":4},"end":{"line":19,"column":23}},"15":{"start":{"line":20,"column":4},"end":{"line":20,"column":61}},"16":{"start":{"line":24,"column":0},"end":{"line":41,"column":2}},"17":{"start":{"line":25,"column":2},"end":{"line":40,"column":3}},"18":{"start":{"line":26,"column":32},"end":{"line":26,"column":40}},"19":{"start":{"line":27,"column":17},"end":{"line":27,"column":46}},"20":{"start":{"line":28,"column":4},"end":{"line":30,"column":5}},"21":{"start":{"line":29,"column":6},"end":{"line":29,"column":68}},"22":{"start":{"line":31,"column":18},"end":{"line":31,"column":68}},"23":{"start":{"line":32,"column":4},"end":{"line":34,"column":5}},"24":{"start":{"line":33,"column":6},"end":{"line":33,"column":68}},"25":{"start":{"line":35,"column":18},"end":{"line":35,"column":92}},"26":{"start":{"line":36,"column":4},"end":{"line":36,"column":117}},"27":{"start":{"line":38,"column":4},"end":{"line":38,"column":23}},"28":{"start":{"line":39,"column":4},"end":{"line":39,"column":61}}},"fnMap":{"0":{"name":"(anonymous_0)","decl":{"start":{"line":5,"column":19},"end":{"line":5,"column":20}},"loc":{"start":{"line":5,"column":39},"end":{"line":22,"column":1}},"line":5},"1":{"name":"(anonymous_1)","decl":{"start":{"line":24,"column":16},"end":{"line":24,"column":17}},"loc":{"start":{"line":24,"column":36},"end":{"line":41,"column":1}},"line":24}},"branchMap":{"0":{"loc":{"start":{"line":9,"column":4},"end":{"line":11,"column":5}},"type":"if","locations":[{"start":{"line":9,"column":4},"end":{"line":11,"column":5}},{"start":{},"end":{}}],"line":9},"1":{"loc":{"start":{"line":13,"column":4},"end":{"line":15,"column":5}},"type":"if","locations":[{"start":{"line":13,"column":4},"end":{"line":15,"column":5}},{"start":{},"end":{}}],"line":13},"2":{"loc":{"start":{"line":28,"column":4},"end":{"line":30,"column":5}},"type":"if","locations":[{"start":{"line":28,"column":4},"end":{"line":30,"column":5}},{"start":{},"end":{}}],"line":28},"3":{"loc":{"start":{"line":32,"column":4},"end":{"line":34,"column":5}},"type":"if","locations":[{"start":{"line":32,"column":4},"end":{"line":34,"column":5}},{"start":{},"end":{}}],"line":32}},"s":{"0":3,"1":3,"2":3,"3":3,"4":5,"5":5,"6":5,"7":5,"8":1,"9":4,"10":4,"11":0,"12":4,"13":4,"14":0,"15":0,"16":3,"17":5,"18":5,"19":5,"20":5,"21":1,"22":4,"23":4,"24":1,"25":3,"26":3,"27":0,"28":0},"f":{"0":5,"1":5},"b":{"0":[1,4],"1":[0,4],"2":[1,4],"3":[1,3]},"_coverageSchema":"1a1c01bbd47fc00a2c39e90264f33305004495a9","hash":"c58c0d80aeef9a7dd886b1e91204fd63dfe748ce"}
,"C:\\Users\\HP\\develop\\src\\controllers\\userController.js": {"path":"C:\\Users\\HP\\develop\\src\\controllers\\userController.js","statementMap":{"0":{"start":{"line":1,"column":13},"end":{"line":1,"column":38}},"1":{"start":{"line":3,"column":0},"end":{"line":11,"column":2}},"2":{"start":{"line":4,"column":2},"end":{"line":10,"column":3}},"3":{"start":{"line":5,"column":17},"end":{"line":5,"column":48}},"4":{"start":{"line":6,"column":4},"end":{"line":6,"column":72}},"5":{"start":{"line":6,"column":15},"end":{"line":6,"column":72}},"6":{"start":{"line":7,"column":4},"end":{"line":7,"column":19}},"7":{"start":{"line":9,"column":4},"end":{"line":9,"column":54}},"8":{"start":{"line":13,"column":0},"end":{"line":32,"column":2}},"9":{"start":{"line":14,"column":2},"end":{"line":31,"column":3}},"10":{"start":{"line":15,"column":42},"end":{"line":15,"column":50}},"11":{"start":{"line":16,"column":20},"end":{"line":16,"column":22}},"12":{"start":{"line":17,"column":4},"end":{"line":17,"column":46}},"13":{"start":{"line":17,"column":18},"end":{"line":17,"column":46}},"14":{"start":{"line":18,"column":4},"end":{"line":24,"column":5}},"15":{"start":{"line":19,"column":23},"end":{"line":19,"column":52}},"16":{"start":{"line":20,"column":6},"end":{"line":22,"column":7}},"17":{"start":{"line":21,"column":8},"end":{"line":21,"column":71}},"18":{"start":{"line":23,"column":6},"end":{"line":23,"column":28}},"19":{"start":{"line":25,"column":4},"end":{"line":25,"column":46}},"20":{"start":{"line":25,"column":18},"end":{"line":25,"column":46}},"21":{"start":{"line":26,"column":20},"end":{"line":26,"column":58}},"22":{"start":{"line":27,"column":4},"end":{"line":27,"column":80}},"23":{"start":{"line":27,"column":23},"end":{"line":27,"column":80}},"24":{"start":{"line":28,"column":4},"end":{"line":28,"column":58}},"25":{"start":{"line":30,"column":4},"end":{"line":30,"column":54}},"26":{"start":{"line":34,"column":0},"end":{"line":42,"column":2}},"27":{"start":{"line":35,"column":2},"end":{"line":41,"column":3}},"28":{"start":{"line":36,"column":20},"end":{"line":36,"column":49}},"29":{"start":{"line":37,"column":4},"end":{"line":37,"column":80}},"30":{"start":{"line":37,"column":23},"end":{"line":37,"column":80}},"31":{"start":{"line":38,"column":4},"end":{"line":38,"column":58}},"32":{"start":{"line":40,"column":4},"end":{"line":40,"column":54}}},"fnMap":{"0":{"name":"(anonymous_0)","decl":{"start":{"line":3,"column":21},"end":{"line":3,"column":22}},"loc":{"start":{"line":3,"column":41},"end":{"line":11,"column":1}},"line":3},"1":{"name":"(anonymous_1)","decl":{"start":{"line":13,"column":24},"end":{"line":13,"column":25}},"loc":{"start":{"line":13,"column":44},"end":{"line":32,"column":1}},"line":13},"2":{"name":"(anonymous_2)","decl":{"start":{"line":34,"column":24},"end":{"line":34,"column":25}},"loc":{"start":{"line":34,"column":44},"end":{"line":42,"column":1}},"line":34}},"branchMap":{"0":{"loc":{"start":{"line":6,"column":4},"end":{"line":6,"column":72}},"type":"if","locations":[{"start":{"line":6,"column":4},"end":{"line":6,"column":72}},{"start":{},"end":{}}],"line":6},"1":{"loc":{"start":{"line":17,"column":4},"end":{"line":17,"column":46}},"type":"if","locations":[{"start":{"line":17,"column":4},"end":{"line":17,"column":46}},{"start":{},"end":{}}],"line":17},"2":{"loc":{"start":{"line":18,"column":4},"end":{"line":24,"column":5}},"type":"if","locations":[{"start":{"line":18,"column":4},"end":{"line":24,"column":5}},{"start":{},"end":{}}],"line":18},"3":{"loc":{"start":{"line":20,"column":6},"end":{"line":22,"column":7}},"type":"if","locations":[{"start":{"line":20,"column":6},"end":{"line":22,"column":7}},{"start":{},"end":{}}],"line":20},"4":{"loc":{"start":{"line":20,"column":10},"end":{"line":20,"column":48}},"type":"binary-expr","locations":[{"start":{"line":20,"column":10},"end":{"line":20,"column":18}},{"start":{"line":20,"column":22},"end":{"line":20,"column":48}}],"line":20},"5":{"loc":{"start":{"line":25,"column":4},"end":{"line":25,"column":46}},"type":"if","locations":[{"start":{"line":25,"column":4},"end":{"line":25,"column":46}},{"start":{},"end":{}}],"line":25},"6":{"loc":{"start":{"line":27,"column":4},"end":{"line":27,"column":80}},"type":"if","locations":[{"start":{"line":27,"column":4},"end":{"line":27,"column":80}},{"start":{},"end":{}}],"line":27},"7":{"loc":{"start":{"line":37,"column":4},"end":{"line":37,"column":80}},"type":"if","locations":[{"start":{"line":37,"column":4},"end":{"line":37,"column":80}},{"start":{},"end":{}}],"line":37}},"s":{"0":2,"1":2,"2":0,"3":0,"4":0,"5":0,"6":0,"7":0,"8":2,"9":1,"10":1,"11":1,"12":1,"13":1,"14":1,"15":0,"16":0,"17":0,"18":0,"19":1,"20":0,"21":1,"22":1,"23":0,"24":1,"25":0,"26":2,"27":1,"28":1,"29":1,"30":0,"31":1,"32":0},"f":{"0":0,"1":1,"2":1},"b":{"0":[0,0],"1":[1,0],"2":[0,1],"3":[0,0],"4":[0,0],"5":[0,1],"6":[0,1],"7":[0,1]},"_coverageSchema":"1a1c01bbd47fc00a2c39e90264f33305004495a9","hash":"3e8088f86dfb512a99139d901337923ebc56abef"}
,"C:\\Users\\HP\\develop\\src\\middleware\\auth.js": {"path":"C:\\Users\\HP\\develop\\src\\middleware\\auth.js","statementMap":{"0":{"start":{"line":1,"column":12},"end":{"line":1,"column":35}},"1":{"start":{"line":3,"column":0},"end":{"line":16,"column":2}},"2":{"start":{"line":4,"column":21},"end":{"line":4,"column":46}},"3":{"start":{"line":5,"column":2},"end":{"line":7,"column":3}},"4":{"start":{"line":6,"column":4},"end":{"line":6,"column":64}},"5":{"start":{"line":8,"column":16},"end":{"line":8,"column":40}},"6":{"start":{"line":9,"column":2},"end":{"line":15,"column":3}},"7":{"start":{"line":10,"column":20},"end":{"line":10,"column":61}},"8":{"start":{"line":11,"column":4},"end":{"line":11,"column":32}},"9":{"start":{"line":12,"column":4},"end":{"line":12,"column":11}},"10":{"start":{"line":14,"column":4},"end":{"line":14,"column":60}}},"fnMap":{"0":{"name":"(anonymous_0)","decl":{"start":{"line":3,"column":17},"end":{"line":3,"column":18}},"loc":{"start":{"line":3,"column":37},"end":{"line":16,"column":1}},"line":3}},"branchMap":{"0":{"loc":{"start":{"line":5,"column":2},"end":{"line":7,"column":3}},"type":"if","locations":[{"start":{"line":5,"column":2},"end":{"line":7,"column":3}},{"start":{},"end":{}}],"line":5},"1":{"loc":{"start":{"line":5,"column":6},"end":{"line":5,"column":54}},"type":"binary-expr","locations":[{"start":{"line":5,"column":6},"end":{"line":5,"column":17}},{"start":{"line":5,"column":21},"end":{"line":5,"column":54}}],"line":5}},"s":{"0":2,"1":2,"2":2,"3":2,"4":0,"5":2,"6":2,"7":2,"8":2,"9":2,"10":0},"f":{"0":2},"b":{"0":[0,2],"1":[2,2]},"_coverageSchema":"1a1c01bbd47fc00a2c39e90264f33305004495a9","hash":"2d143e5c851d899aa3244cd3ca31f6a1035c3703"}
,"C:\\Users\\HP\\develop\\src\\middleware\\validation.js": {"path":"C:\\Users\\HP\\develop\\src\\middleware\\validation.js","statementMap":{"0":{"start":{"line":1,"column":35},"end":{"line":1,"column":63}},"1":{"start":{"line":3,"column":17},"end":{"line":9,"column":1}},"2":{"start":{"line":4,"column":17},"end":{"line":4,"column":38}},"3":{"start":{"line":5,"column":2},"end":{"line":7,"column":3}},"4":{"start":{"line":6,"column":4},"end":{"line":6,"column":60}},"5":{"start":{"line":8,"column":2},"end":{"line":8,"column":9}},"6":{"start":{"line":11,"column":27},"end":{"line":17,"column":1}},"7":{"start":{"line":19,"column":24},"end":{"line":23,"column":1}},"8":{"start":{"line":25,"column":25},"end":{"line":30,"column":1}},"9":{"start":{"line":32,"column":0},"end":{"line":32,"column":75}}},"fnMap":{"0":{"name":"(anonymous_0)","decl":{"start":{"line":3,"column":17},"end":{"line":3,"column":18}},"loc":{"start":{"line":3,"column":37},"end":{"line":9,"column":1}},"line":3}},"branchMap":{"0":{"loc":{"start":{"line":5,"column":2},"end":{"line":7,"column":3}},"type":"if","locations":[{"start":{"line":5,"column":2},"end":{"line":7,"column":3}},{"start":{},"end":{}}],"line":5}},"s":{"0":2,"1":2,"2":6,"3":6,"4":0,"5":6,"6":2,"7":2,"8":2,"9":2},"f":{"0":6},"b":{"0":[0,6]},"_coverageSchema":"1a1c01bbd47fc00a2c39e90264f33305004495a9","hash":"f7c520cb1201de705effde695217d49ff4bde496"}
,"C:\\Users\\HP\\develop\\src\\models\\user.js": {"path":"C:\\Users\\HP\\develop\\src\\models\\user.js","statementMap":{"0":{"start":{"line":1,"column":11},"end":{"line":1,"column":40}},"1":{"start":{"line":2,"column":15},"end":{"line":2,"column":32}},"2":{"start":{"line":5,"column":17},"end":{"line":5,"column":48}},"3":{"start":{"line":9,"column":25},"end":{"line":9,"column":56}},"4":{"start":{"line":11,"column":4},"end":{"line":34,"column":5}},"5":{"start":{"line":13,"column":6},"end":{"line":21,"column":7}},"6":{"start":{"line":14,"column":25},"end":{"line":17,"column":9}},"7":{"start":{"line":18,"column":8},"end":{"line":18,"column":66}},"8":{"start":{"line":20,"column":8},"end":{"line":20,"column":20}},"9":{"start":{"line":24,"column":6},"end":{"line":33,"column":9}},"10":{"start":{"line":25,"column":8},"end":{"line":32,"column":10}},"11":{"start":{"line":29,"column":12},"end":{"line":29,"column":40}},"12":{"start":{"line":29,"column":21},"end":{"line":29,"column":40}},"13":{"start":{"line":30,"column":12},"end":{"line":30,"column":68}},"14":{"start":{"line":38,"column":4},"end":{"line":54,"column":5}},"15":{"start":{"line":40,"column":6},"end":{"line":45,"column":7}},"16":{"start":{"line":41,"column":23},"end":{"line":41,"column":87}},"17":{"start":{"line":42,"column":8},"end":{"line":42,"column":31}},"18":{"start":{"line":44,"column":8},"end":{"line":44,"column":20}},"19":{"start":{"line":48,"column":6},"end":{"line":53,"column":9}},"20":{"start":{"line":49,"column":8},"end":{"line":52,"column":11}},"21":{"start":{"line":50,"column":10},"end":{"line":50,"column":38}},"22":{"start":{"line":50,"column":19},"end":{"line":50,"column":38}},"23":{"start":{"line":51,"column":10},"end":{"line":51,"column":23}},"24":{"start":{"line":58,"column":4},"end":{"line":74,"column":5}},"25":{"start":{"line":60,"column":6},"end":{"line":65,"column":7}},"26":{"start":{"line":61,"column":23},"end":{"line":61,"column":93}},"27":{"start":{"line":62,"column":8},"end":{"line":62,"column":31}},"28":{"start":{"line":64,"column":8},"end":{"line":64,"column":20}},"29":{"start":{"line":68,"column":6},"end":{"line":73,"column":9}},"30":{"start":{"line":69,"column":8},"end":{"line":72,"column":11}},"31":{"start":{"line":70,"column":10},"end":{"line":70,"column":38}},"32":{"start":{"line":70,"column":19},"end":{"line":70,"column":38}},"33":{"start":{"line":71,"column":10},"end":{"line":71,"column":23}},"34":{"start":{"line":78,"column":4},"end":{"line":94,"column":5}},"35":{"start":{"line":80,"column":6},"end":{"line":85,"column":7}},"36":{"start":{"line":81,"column":23},"end":{"line":81,"column":122}},"37":{"start":{"line":82,"column":8},"end":{"line":82,"column":31}},"38":{"start":{"line":84,"column":8},"end":{"line":84,"column":20}},"39":{"start":{"line":88,"column":6},"end":{"line":93,"column":9}},"40":{"start":{"line":89,"column":8},"end":{"line":92,"column":11}},"41":{"start":{"line":90,"column":10},"end":{"line":90,"column":38}},"42":{"start":{"line":90,"column":19},"end":{"line":90,"column":38}},"43":{"start":{"line":91,"column":10},"end":{"line":91,"column":23}},"44":{"start":{"line":98,"column":19},"end":{"line":98,"column":21}},"45":{"start":{"line":99,"column":19},"end":{"line":99,"column":21}},"46":{"start":{"line":101,"column":4},"end":{"line":104,"column":5}},"47":{"start":{"line":102,"column":6},"end":{"line":102,"column":64}},"48":{"start":{"line":103,"column":6},"end":{"line":103,"column":36}},"49":{"start":{"line":105,"column":4},"end":{"line":108,"column":5}},"50":{"start":{"line":106,"column":6},"end":{"line":106,"column":31}},"51":{"start":{"line":107,"column":6},"end":{"line":107,"column":33}},"52":{"start":{"line":109,"column":4},"end":{"line":113,"column":5}},"53":{"start":{"line":110,"column":19},"end":{"line":110,"column":58}},"54":{"start":{"line":111,"column":6},"end":{"line":111,"column":39}},"55":{"start":{"line":112,"column":6},"end":{"line":112,"column":24}},"56":{"start":{"line":115,"column":4},"end":{"line":115,"column":41}},"57":{"start":{"line":115,"column":29},"end":{"line":115,"column":41}},"58":{"start":{"line":117,"column":4},"end":{"line":121,"column":5}},"59":{"start":{"line":118,"column":6},"end":{"line":118,"column":52}},"60":{"start":{"line":120,"column":6},"end":{"line":120,"column":52}},"61":{"start":{"line":123,"column":4},"end":{"line":123,"column":20}},"62":{"start":{"line":124,"column":18},"end":{"line":124,"column":70}},"63":{"start":{"line":126,"column":4},"end":{"line":142,"column":5}},"64":{"start":{"line":128,"column":6},"end":{"line":133,"column":7}},"65":{"start":{"line":129,"column":25},"end":{"line":129,"column":56}},"66":{"start":{"line":130,"column":8},"end":{"line":130,"column":35}},"67":{"start":{"line":132,"column":8},"end":{"line":132,"column":20}},"68":{"start":{"line":136,"column":6},"end":{"line":141,"column":9}},"69":{"start":{"line":137,"column":8},"end":{"line":140,"column":11}},"70":{"start":{"line":138,"column":10},"end":{"line":138,"column":38}},"71":{"start":{"line":138,"column":19},"end":{"line":138,"column":38}},"72":{"start":{"line":139,"column":10},"end":{"line":139,"column":32}},"73":{"start":{"line":146,"column":4},"end":{"line":162,"column":5}},"74":{"start":{"line":148,"column":6},"end":{"line":153,"column":7}},"75":{"start":{"line":149,"column":25},"end":{"line":149,"column":81}},"76":{"start":{"line":150,"column":8},"end":{"line":150,"column":35}},"77":{"start":{"line":152,"column":8},"end":{"line":152,"column":20}},"78":{"start":{"line":156,"column":6},"end":{"line":161,"column":9}},"79":{"start":{"line":157,"column":8},"end":{"line":160,"column":11}},"80":{"start":{"line":158,"column":10},"end":{"line":158,"column":38}},"81":{"start":{"line":158,"column":19},"end":{"line":158,"column":38}},"82":{"start":{"line":159,"column":10},"end":{"line":159,"column":32}},"83":{"start":{"line":166,"column":0},"end":{"line":166,"column":22}}},"fnMap":{"0":{"name":"(anonymous_0)","decl":{"start":{"line":8,"column":2},"end":{"line":8,"column":3}},"loc":{"start":{"line":8,"column":63},"end":{"line":35,"column":3}},"line":8},"1":{"name":"(anonymous_1)","decl":{"start":{"line":24,"column":25},"end":{"line":24,"column":26}},"loc":{"start":{"line":24,"column":46},"end":{"line":33,"column":7}},"line":24},"2":{"name":"(anonymous_2)","decl":{"start":{"line":28,"column":10},"end":{"line":28,"column":11}},"loc":{"start":{"line":28,"column":24},"end":{"line":31,"column":11}},"line":28},"3":{"name":"(anonymous_3)","decl":{"start":{"line":37,"column":2},"end":{"line":37,"column":3}},"loc":{"start":{"line":37,"column":34},"end":{"line":55,"column":3}},"line":37},"4":{"name":"(anonymous_4)","decl":{"start":{"line":48,"column":25},"end":{"line":48,"column":26}},"loc":{"start":{"line":48,"column":46},"end":{"line":53,"column":7}},"line":48},"5":{"name":"(anonymous_5)","decl":{"start":{"line":49,"column":63},"end":{"line":49,"column":64}},"loc":{"start":{"line":49,"column":77},"end":{"line":52,"column":9}},"line":49},"6":{"name":"(anonymous_6)","decl":{"start":{"line":57,"column":2},"end":{"line":57,"column":3}},"loc":{"start":{"line":57,"column":40},"end":{"line":75,"column":3}},"line":57},"7":{"name":"(anonymous_7)","decl":{"start":{"line":68,"column":25},"end":{"line":68,"column":26}},"loc":{"start":{"line":68,"column":46},"end":{"line":73,"column":7}},"line":68},"8":{"name":"(anonymous_8)","decl":{"start":{"line":69,"column":69},"end":{"line":69,"column":70}},"loc":{"start":{"line":69,"column":83},"end":{"line":72,"column":9}},"line":69},"9":{"name":"(anonymous_9)","decl":{"start":{"line":77,"column":2},"end":{"line":77,"column":3}},"loc":{"start":{"line":77,"column":28},"end":{"line":95,"column":3}},"line":77},"10":{"name":"(anonymous_10)","decl":{"start":{"line":88,"column":25},"end":{"line":88,"column":26}},"loc":{"start":{"line":88,"column":46},"end":{"line":93,"column":7}},"line":88},"11":{"name":"(anonymous_11)","decl":{"start":{"line":89,"column":98},"end":{"line":89,"column":99}},"loc":{"start":{"line":89,"column":112},"end":{"line":92,"column":9}},"line":89},"12":{"name":"(anonymous_12)","decl":{"start":{"line":97,"column":2},"end":{"line":97,"column":3}},"loc":{"start":{"line":97,"column":35},"end":{"line":143,"column":3}},"line":97},"13":{"name":"(anonymous_13)","decl":{"start":{"line":136,"column":25},"end":{"line":136,"column":26}},"loc":{"start":{"line":136,"column":46},"end":{"line":141,"column":7}},"line":136},"14":{"name":"(anonymous_14)","decl":{"start":{"line":137,"column":30},"end":{"line":137,"column":31}},"loc":{"start":{"line":137,"column":44},"end":{"line":140,"column":9}},"line":137},"15":{"name":"(anonymous_15)","decl":{"start":{"line":145,"column":2},"end":{"line":145,"column":3}},"loc":{"start":{"line":145,"column":26},"end":{"line":163,"column":3}},"line":145},"16":{"name":"(anonymous_16)","decl":{"start":{"line":156,"column":25},"end":{"line":156,"column":26}},"loc":{"start":{"line":156,"column":46},"end":{"line":161,"column":7}},"line":156},"17":{"name":"(anonymous_17)","decl":{"start":{"line":157,"column":55},"end":{"line":157,"column":56}},"loc":{"start":{"line":157,"column":69},"end":{"line":160,"column":9}},"line":157}},"branchMap":{"0":{"loc":{"start":{"line":11,"column":4},"end":{"line":34,"column":5}},"type":"if","locations":[{"start":{"line":11,"column":4},"end":{"line":34,"column":5}},{"start":{"line":22,"column":11},"end":{"line":34,"column":5}}],"line":11},"1":{"loc":{"start":{"line":29,"column":12},"end":{"line":29,"column":40}},"type":"if","locations":[{"start":{"line":29,"column":12},"end":{"line":29,"column":40}},{"start":{},"end":{}}],"line":29},"2":{"loc":{"start":{"line":38,"column":4},"end":{"line":54,"column":5}},"type":"if","locations":[{"start":{"line":38,"column":4},"end":{"line":54,"column":5}},{"start":{"line":46,"column":11},"end":{"line":54,"column":5}}],"line":38},"3":{"loc":{"start":{"line":42,"column":15},"end":{"line":42,"column":30}},"type":"binary-expr","locations":[{"start":{"line":42,"column":15},"end":{"line":42,"column":22}},{"start":{"line":42,"column":26},"end":{"line":42,"column":30}}],"line":42},"4":{"loc":{"start":{"line":50,"column":10},"end":{"line":50,"column":38}},"type":"if","locations":[{"start":{"line":50,"column":10},"end":{"line":50,"column":38}},{"start":{},"end":{}}],"line":50},"5":{"loc":{"start":{"line":58,"column":4},"end":{"line":74,"column":5}},"type":"if","locations":[{"start":{"line":58,"column":4},"end":{"line":74,"column":5}},{"start":{"line":66,"column":11},"end":{"line":74,"column":5}}],"line":58},"6":{"loc":{"start":{"line":62,"column":15},"end":{"line":62,"column":30}},"type":"binary-expr","locations":[{"start":{"line":62,"column":15},"end":{"line":62,"column":22}},{"start":{"line":62,"column":26},"end":{"line":62,"column":30}}],"line":62},"7":{"loc":{"start":{"line":70,"column":10},"end":{"line":70,"column":38}},"type":"if","locations":[{"start":{"line":70,"column":10},"end":{"line":70,"column":38}},{"start":{},"end":{}}],"line":70},"8":{"loc":{"start":{"line":78,"column":4},"end":{"line":94,"column":5}},"type":"if","locations":[{"start":{"line":78,"column":4},"end":{"line":94,"column":5}},{"start":{"line":86,"column":11},"end":{"line":94,"column":5}}],"line":78},"9":{"loc":{"start":{"line":82,"column":15},"end":{"line":82,"column":30}},"type":"binary-expr","locations":[{"start":{"line":82,"column":15},"end":{"line":82,"column":22}},{"start":{"line":82,"column":26},"end":{"line":82,"column":30}}],"line":82},"10":{"loc":{"start":{"line":90,"column":10},"end":{"line":90,"column":38}},"type":"if","locations":[{"start":{"line":90,"column":10},"end":{"line":90,"column":38}},{"start":{},"end":{}}],"line":90},"11":{"loc":{"start":{"line":101,"column":4},"end":{"line":104,"column":5}},"type":"if","locations":[{"start":{"line":101,"column":4},"end":{"line":104,"column":5}},{"start":{},"end":{}}],"line":101},"12":{"loc":{"start":{"line":102,"column":18},"end":{"line":102,"column":62}},"type":"cond-expr","locations":[{"start":{"line":102,"column":29},"end":{"line":102,"column":44}},{"start":{"line":102,"column":47},"end":{"line":102,"column":62}}],"line":102},"13":{"loc":{"start":{"line":105,"column":4},"end":{"line":108,"column":5}},"type":"if","locations":[{"start":{"line":105,"column":4},"end":{"line":108,"column":5}},{"start":{},"end":{}}],"line":105},"14":{"loc":{"start":{"line":109,"column":4},"end":{"line":113,"column":5}},"type":"if","locations":[{"start":{"line":109,"column":4},"end":{"line":113,"column":5}},{"start":{},"end":{}}],"line":109},"15":{"loc":{"start":{"line":115,"column":4},"end":{"line":115,"column":41}},"type":"if","locations":[{"start":{"line":115,"column":4},"end":{"line":115,"column":41}},{"start":{},"end":{}}],"line":115},"16":{"loc":{"start":{"line":117,"column":4},"end":{"line":121,"column":5}},"type":"if","locations":[{"start":{"line":117,"column":4},"end":{"line":121,"column":5}},{"start":{"line":119,"column":11},"end":{"line":121,"column":5}}],"line":117},"17":{"loc":{"start":{"line":126,"column":4},"end":{"line":142,"column":5}},"type":"if","locations":[{"start":{"line":126,"column":4},"end":{"line":142,"column":5}},{"start":{"line":134,"column":11},"end":{"line":142,"column":5}}],"line":126},"18":{"loc":{"start":{"line":138,"column":10},"end":{"line":138,"column":38}},"type":"if","locations":[{"start":{"line":138,"column":10},"end":{"line":138,"column":38}},{"start":{},"end":{}}],"line":138},"19":{"loc":{"start":{"line":146,"column":4},"end":{"line":162,"column":5}},"type":"if","locations":[{"start":{"line":146,"column":4},"end":{"line":162,"column":5}},{"start":{"line":154,"column":11},"end":{"line":162,"column":5}}],"line":146},"20":{"loc":{"start":{"line":158,"column":10},"end":{"line":158,"column":38}},"type":"if","locations":[{"start":{"line":158,"column":10},"end":{"line":158,"column":38}},{"start":{},"end":{}}],"line":158}},"s":{"0":4,"1":4,"2":4,"3":4,"4":4,"5":4,"6":4,"7":4,"8":0,"9":0,"10":0,"11":0,"12":0,"13":0,"14":6,"15":6,"16":6,"17":6,"18":0,"19":0,"20":0,"21":0,"22":0,"23":0,"24":3,"25":3,"26":3,"27":3,"28":0,"29":0,"30":0,"31":0,"32":0,"33":0,"34":0,"35":0,"36":0,"37":0,"38":0,"39":0,"40":0,"41":0,"42":0,"43":0,"44":1,"45":1,"46":1,"47":1,"48":1,"49":1,"50":0,"51":0,"52":1,"53":0,"54":0,"55":0,"56":1,"57":0,"58":1,"59":1,"60":0,"61":1,"62":1,"63":1,"64":1,"65":1,"66":1,"67":0,"68":0,"69":0,"70":0,"71":0,"72":0,"73":1,"74":1,"75":1,"76":1,"77":0,"78":0,"79":0,"80":0,"81":0,"82":0,"83":4},"f":{"0":4,"1":0,"2":0,"3":6,"4":0,"5":0,"6":3,"7":0,"8":0,"9":0,"10":0,"11":0,"12":1,"13":0,"14":0,"15":1,"16":0,"17":0},"b":{"0":[4,0],"1":[0,0],"2":[6,0],"3":[6,3],"4":[0,0],"5":[3,0],"6":[3,3],"7":[0,0],"8":[0,0],"9":[0,0],"10":[0,0],"11":[1,0],"12":[1,0],"13":[0,1],"14":[0,1],"15":[0,1],"16":[1,0],"17":[1,0],"18":[0,0],"19":[1,0],"20":[0,0]},"_coverageSchema":"1a1c01bbd47fc00a2c39e90264f33305004495a9","hash":"c404eac44aba864d8a3ee1dceeb3de3c8c02cb2a"}
,"C:\\Users\\HP\\develop\\src\\routes\\authRoutes.js": {"path":"C:\\Users\\HP\\develop\\src\\routes\\authRoutes.js","statementMap":{"0":{"start":{"line":1,"column":16},"end":{"line":1,"column":34}},"1":{"start":{"line":2,"column":28},"end":{"line":2,"column":68}},"2":{"start":{"line":3,"column":48},"end":{"line":3,"column":83}},"3":{"start":{"line":4,"column":15},"end":{"line":4,"column":31}},"4":{"start":{"line":73,"column":0},"end":{"line":73,"column":55}},"5":{"start":{"line":132,"column":0},"end":{"line":132,"column":46}},"6":{"start":{"line":134,"column":0},"end":{"line":134,"column":24}}},"fnMap":{},"branchMap":{},"s":{"0":2,"1":2,"2":2,"3":2,"4":2,"5":2,"6":2},"f":{},"b":{},"_coverageSchema":"1a1c01bbd47fc00a2c39e90264f33305004495a9","hash":"de22aa3c5489c5ec16f06d107586dd6397d0e6a2"}
,"C:\\Users\\HP\\develop\\src\\routes\\userRoutes.js": {"path":"C:\\Users\\HP\\develop\\src\\routes\\userRoutes.js","statementMap":{"0":{"start":{"line":1,"column":16},"end":{"line":1,"column":34}},"1":{"start":{"line":2,"column":53},"end":{"line":2,"column":93}},"2":{"start":{"line":3,"column":13},"end":{"line":3,"column":42}},"3":{"start":{"line":4,"column":29},"end":{"line":4,"column":64}},"4":{"start":{"line":5,"column":15},"end":{"line":5,"column":31}},"5":{"start":{"line":7,"column":0},"end":{"line":7,"column":17}},"6":{"start":{"line":64,"column":0},"end":{"line":64,"column":30}},"7":{"start":{"line":140,"column":0},"end":{"line":140,"column":51}},"8":{"start":{"line":188,"column":0},"end":{"line":188,"column":36}},"9":{"start":{"line":190,"column":0},"end":{"line":190,"column":24}}},"fnMap":{},"branchMap":{},"s":{"0":2,"1":2,"2":2,"3":2,"4":2,"5":2,"6":2,"7":2,"8":2,"9":2},"f":{},"b":{},"_coverageSchema":"1a1c01bbd47fc00a2c39e90264f33305004495a9","hash":"7bf57d1f37821606988e073e9a5cf703a5d36590"}
}
