TN:
SF:src\app.js
FN:14,(anonymous_0)
FN:42,(anonymous_1)
FNF:2
FNH:0
FNDA:0,(anonymous_0)
FNDA:0,(anonymous_1)
DA:1,2
DA:2,2
DA:3,2
DA:4,2
DA:5,2
DA:6,2
DA:7,2
DA:8,2
DA:10,2
DA:13,2
DA:14,2
DA:15,0
DA:16,0
DA:20,2
DA:21,2
DA:23,2
DA:28,2
DA:29,0
DA:32,2
DA:39,2
DA:40,2
DA:42,2
DA:43,0
DA:44,0
DA:47,2
LF:25
LH:20
BRDA:13,0,0,2
BRDA:13,0,1,0
BRDA:28,1,0,0
BRDA:28,1,1,2
BRF:4
BRH:2
end_of_record
TN:
SF:src\server.js
FN:5,(anonymous_0)
FNF:1
FNH:0
FNDA:0,(anonymous_0)
DA:1,0
DA:2,0
DA:3,0
DA:5,0
DA:6,0
DA:7,0
LF:6
LH:0
BRDA:3,0,0,0
BRDA:3,0,1,0
BRF:2
BRH:0
end_of_record
TN:
SF:src\config\database.js
FN:27,(anonymous_0)
FN:58,(anonymous_1)
FNF:2
FNH:1
FNDA:2,(anonymous_0)
FNDA:0,(anonymous_1)
DA:1,5
DA:2,5
DA:5,5
DA:9,5
DA:11,5
DA:14,5
DA:27,5
DA:28,2
DA:29,2
DA:40,2
DA:42,0
DA:43,0
DA:49,0
DA:51,0
DA:55,0
DA:58,0
DA:59,0
DA:73,5
LF:18
LH:11
BRDA:9,0,0,5
BRDA:9,0,1,0
BRDA:15,1,0,5
BRDA:15,1,1,0
BRDA:16,2,0,5
BRDA:16,2,1,0
BRDA:17,3,0,5
BRDA:17,3,1,5
BRDA:18,4,0,5
BRDA:18,4,1,0
BRDA:51,5,0,0
BRDA:51,5,1,0
BRF:12
BRH:6
end_of_record
TN:
SF:src\controllers\authController.js
FN:5,(anonymous_0)
FN:24,(anonymous_1)
FNF:2
FNH:2
FNDA:5,(anonymous_0)
FNDA:5,(anonymous_1)
DA:1,3
DA:2,3
DA:3,3
DA:5,3
DA:6,5
DA:7,5
DA:8,5
DA:9,5
DA:10,1
DA:12,4
DA:13,4
DA:14,0
DA:16,4
DA:17,4
DA:19,0
DA:20,0
DA:24,3
DA:25,5
DA:26,5
DA:27,5
DA:28,5
DA:29,1
DA:31,4
DA:32,4
DA:33,1
DA:35,3
DA:36,3
DA:38,0
DA:39,0
LF:29
LH:24
BRDA:9,0,0,1
BRDA:9,0,1,4
BRDA:13,1,0,0
BRDA:13,1,1,4
BRDA:28,2,0,1
BRDA:28,2,1,4
BRDA:32,3,0,1
BRDA:32,3,1,3
BRF:8
BRH:7
end_of_record
TN:
SF:src\controllers\userController.js
FN:3,(anonymous_0)
FN:13,(anonymous_1)
FN:34,(anonymous_2)
FNF:3
FNH:2
FNDA:0,(anonymous_0)
FNDA:1,(anonymous_1)
FNDA:1,(anonymous_2)
DA:1,2
DA:3,2
DA:4,0
DA:5,0
DA:6,0
DA:7,0
DA:9,0
DA:13,2
DA:14,1
DA:15,1
DA:16,1
DA:17,1
DA:18,1
DA:19,0
DA:20,0
DA:21,0
DA:23,0
DA:25,1
DA:26,1
DA:27,1
DA:28,1
DA:30,0
DA:34,2
DA:35,1
DA:36,1
DA:37,1
DA:38,1
DA:40,0
LF:28
LH:17
BRDA:6,0,0,0
BRDA:6,0,1,0
BRDA:17,1,0,1
BRDA:17,1,1,0
BRDA:18,2,0,0
BRDA:18,2,1,1
BRDA:20,3,0,0
BRDA:20,3,1,0
BRDA:20,4,0,0
BRDA:20,4,1,0
BRDA:25,5,0,0
BRDA:25,5,1,1
BRDA:27,6,0,0
BRDA:27,6,1,1
BRDA:37,7,0,0
BRDA:37,7,1,1
BRF:16
BRH:5
end_of_record
TN:
SF:src\middleware\auth.js
FN:3,(anonymous_0)
FNF:1
FNH:1
FNDA:2,(anonymous_0)
DA:1,2
DA:3,2
DA:4,2
DA:5,2
DA:6,0
DA:8,2
DA:9,2
DA:10,2
DA:11,2
DA:12,2
DA:14,0
LF:11
LH:9
BRDA:5,0,0,0
BRDA:5,0,1,2
BRDA:5,1,0,2
BRDA:5,1,1,2
BRF:4
BRH:3
end_of_record
TN:
SF:src\middleware\validation.js
FN:3,(anonymous_0)
FNF:1
FNH:1
FNDA:6,(anonymous_0)
DA:1,2
DA:3,2
DA:4,6
DA:5,6
DA:6,0
DA:8,6
DA:11,2
DA:19,2
DA:25,2
DA:32,2
LF:10
LH:9
BRDA:5,0,0,0
BRDA:5,0,1,6
BRF:2
BRH:1
end_of_record
TN:
SF:src\models\user.js
FN:8,(anonymous_0)
FN:24,(anonymous_1)
FN:28,(anonymous_2)
FN:37,(anonymous_3)
FN:48,(anonymous_4)
FN:49,(anonymous_5)
FN:57,(anonymous_6)
FN:68,(anonymous_7)
FN:69,(anonymous_8)
FN:77,(anonymous_9)
FN:88,(anonymous_10)
FN:89,(anonymous_11)
FN:97,(anonymous_12)
FN:136,(anonymous_13)
FN:137,(anonymous_14)
FN:145,(anonymous_15)
FN:156,(anonymous_16)
FN:157,(anonymous_17)
FNF:18
FNH:5
FNDA:4,(anonymous_0)
FNDA:0,(anonymous_1)
FNDA:0,(anonymous_2)
FNDA:6,(anonymous_3)
FNDA:0,(anonymous_4)
FNDA:0,(anonymous_5)
FNDA:3,(anonymous_6)
FNDA:0,(anonymous_7)
FNDA:0,(anonymous_8)
FNDA:0,(anonymous_9)
FNDA:0,(anonymous_10)
FNDA:0,(anonymous_11)
FNDA:1,(anonymous_12)
FNDA:0,(anonymous_13)
FNDA:0,(anonymous_14)
FNDA:1,(anonymous_15)
FNDA:0,(anonymous_16)
FNDA:0,(anonymous_17)
DA:1,4
DA:2,4
DA:5,4
DA:9,4
DA:11,4
DA:13,4
DA:14,4
DA:18,4
DA:20,0
DA:24,0
DA:25,0
DA:29,0
DA:30,0
DA:38,6
DA:40,6
DA:41,6
DA:42,6
DA:44,0
DA:48,0
DA:49,0
DA:50,0
DA:51,0
DA:58,3
DA:60,3
DA:61,3
DA:62,3
DA:64,0
DA:68,0
DA:69,0
DA:70,0
DA:71,0
DA:78,0
DA:80,0
DA:81,0
DA:82,0
DA:84,0
DA:88,0
DA:89,0
DA:90,0
DA:91,0
DA:98,1
DA:99,1
DA:101,1
DA:102,1
DA:103,1
DA:105,1
DA:106,0
DA:107,0
DA:109,1
DA:110,0
DA:111,0
DA:112,0
DA:115,1
DA:117,1
DA:118,1
DA:120,0
DA:123,1
DA:124,1
DA:126,1
DA:128,1
DA:129,1
DA:130,1
DA:132,0
DA:136,0
DA:137,0
DA:138,0
DA:139,0
DA:146,1
DA:148,1
DA:149,1
DA:150,1
DA:152,0
DA:156,0
DA:157,0
DA:158,0
DA:159,0
DA:166,4
LF:77
LH:37
BRDA:11,0,0,4
BRDA:11,0,1,0
BRDA:29,1,0,0
BRDA:29,1,1,0
BRDA:38,2,0,6
BRDA:38,2,1,0
BRDA:42,3,0,6
BRDA:42,3,1,3
BRDA:50,4,0,0
BRDA:50,4,1,0
BRDA:58,5,0,3
BRDA:58,5,1,0
BRDA:62,6,0,3
BRDA:62,6,1,3
BRDA:70,7,0,0
BRDA:70,7,1,0
BRDA:78,8,0,0
BRDA:78,8,1,0
BRDA:82,9,0,0
BRDA:82,9,1,0
BRDA:90,10,0,0
BRDA:90,10,1,0
BRDA:101,11,0,1
BRDA:101,11,1,0
BRDA:102,12,0,1
BRDA:102,12,1,0
BRDA:105,13,0,0
BRDA:105,13,1,1
BRDA:109,14,0,0
BRDA:109,14,1,1
BRDA:115,15,0,0
BRDA:115,15,1,1
BRDA:117,16,0,1
BRDA:117,16,1,0
BRDA:126,17,0,1
BRDA:126,17,1,0
BRDA:138,18,0,0
BRDA:138,18,1,0
BRDA:146,19,0,1
BRDA:146,19,1,0
BRDA:158,20,0,0
BRDA:158,20,1,0
BRF:42
BRH:15
end_of_record
TN:
SF:src\routes\authRoutes.js
FNF:0
FNH:0
DA:1,2
DA:2,2
DA:3,2
DA:4,2
DA:73,2
DA:132,2
DA:134,2
LF:7
LH:7
BRF:0
BRH:0
end_of_record
TN:
SF:src\routes\userRoutes.js
FNF:0
FNH:0
DA:1,2
DA:2,2
DA:3,2
DA:4,2
DA:5,2
DA:7,2
DA:64,2
DA:140,2
DA:188,2
DA:190,2
LF:10
LH:10
BRF:0
BRH:0
end_of_record
